0 info it worked if it ends with ok
1 verbose cli [ '/usr/local/bin/node',
1 verbose cli   '/Users/robin/.npm-packages/bin/npm',
1 verbose cli   'publish' ]
2 info using npm@3.7.5
3 info using node@v5.7.0
4 verbose publish [ '.' ]
5 silly cache add args [ '.', null ]
6 verbose cache add spec .
7 silly cache add parsed spec Result {
7 silly cache add   raw: '.',
7 silly cache add   scope: null,
7 silly cache add   name: null,
7 silly cache add   rawSpec: '.',
7 silly cache add   spec: '/Users/robin/Documents/Firma/Laufende Projekte/BitMechanics/bm-peak/peak-core',
7 silly cache add   type: 'directory' }
8 verbose addLocalDirectory /Users/robin/.npm/@bitmechanics/peak-core/1.0.0/package.tgz not in flight; packing
9 verbose correctMkdir /Users/robin/.npm correctMkdir not in flight; initializing
10 info lifecycle @bitmechanics/peak-core@1.0.0~prepublish: @bitmechanics/peak-core@1.0.0
11 silly lifecycle @bitmechanics/peak-core@1.0.0~prepublish: no script for prepublish, continuing
12 verbose tar pack [ '/Users/robin/.npm/@bitmechanics/peak-core/1.0.0/package.tgz',
12 verbose tar pack   '/Users/robin/Documents/Firma/Laufende Projekte/BitMechanics/bm-peak/peak-core' ]
13 verbose tarball /Users/robin/.npm/@bitmechanics/peak-core/1.0.0/package.tgz
14 verbose folder /Users/robin/Documents/Firma/Laufende Projekte/BitMechanics/bm-peak/peak-core
15 verbose addLocalTarball adding from inside cache /Users/robin/.npm/@bitmechanics/peak-core/1.0.0/package.tgz
16 verbose correctMkdir /Users/robin/.npm correctMkdir not in flight; initializing
17 silly cache afterAdd @bitmechanics/peak-core@1.0.0
18 verbose afterAdd /Users/robin/.npm/@bitmechanics/peak-core/1.0.0/package/package.json not in flight; writing
19 verbose correctMkdir /Users/robin/.npm correctMkdir not in flight; initializing
20 verbose afterAdd /Users/robin/.npm/@bitmechanics/peak-core/1.0.0/package/package.json written
21 silly publish { name: '@bitmechanics/peak-core',
21 silly publish   version: '1.0.0',
21 silly publish   description: 'PEAK Core is the core module that handles native <> js communications and a logging proxy.',
21 silly publish   main: 'index.js',
21 silly publish   scripts:
21 silly publish    { test: 'echo "Error: no test specified" && exit 1',
21 silly publish      example: 'node ./examples/normal-usage.js' },
21 silly publish   repository:
21 silly publish    { type: 'git',
21 silly publish      url: 'git+https://bitbucket.org/bitmechanicsgmbh/peak-bridge.git' },
21 silly publish   author: '',
21 silly publish   license: 'ISC',
21 silly publish   homepage: 'https://bitbucket.org/bitmechanicsgmbh/peak-bridge#readme',
21 silly publish   readme: 'ERROR: No README data found!',
21 silly publish   _id: '@bitmechanics/peak-core@1.0.0',
21 silly publish   _shasum: 'a884c0ea130cec684b7a9999b6f2273c7a6fce11',
21 silly publish   _from: '.' }
22 verbose getPublishConfig undefined
23 silly mapToRegistry name @bitmechanics/peak-core
24 silly mapToRegistry scope (from package name) @bitmechanics
25 verbose mapToRegistry no registry URL found in name for scope @bitmechanics
26 silly mapToRegistry using default registry
27 silly mapToRegistry registry https://registry.npmjs.org/
28 silly mapToRegistry uri https://registry.npmjs.org/@bitmechanics%2fpeak-core
29 verbose publish registryBase https://registry.npmjs.org/
30 silly publish uploading /Users/robin/.npm/@bitmechanics/peak-core/1.0.0/package.tgz
31 verbose request uri https://registry.npmjs.org/@bitmechanics%2fpeak-core
32 verbose request sending authorization for write operation
33 info attempt registry request try #1 at 18:13:30
34 verbose request using bearer token for auth
35 verbose request id 08eede3c54475767
36 http request PUT https://registry.npmjs.org/@bitmechanics%2fpeak-core
37 http 403 https://registry.npmjs.org/@bitmechanics%2fpeak-core
38 verbose headers { 'content-type': 'application/json',
38 verbose headers   'cache-control': 'max-age=0',
38 verbose headers   'content-length': '128',
38 verbose headers   'accept-ranges': 'bytes',
38 verbose headers   date: 'Sun, 08 May 2016 16:13:32 GMT',
38 verbose headers   via: '1.1 varnish',
38 verbose headers   connection: 'keep-alive',
38 verbose headers   'x-served-by': 'cache-fra1244-FRA',
38 verbose headers   'x-cache': 'MISS',
38 verbose headers   'x-cache-hits': '0',
38 verbose headers   'x-timer': 'S1462724010.658353,VS0,VE2317' }
39 verbose request invalidating /Users/robin/.npm/registry.npmjs.org/_40bitmechanics_252fpeak-core on PUT
40 error publish Failed PUT 403
41 verbose stack Error: "You cannot publish over the previously published version 1.0.0. Try bumping the version to 2.0.0" : @bitmechanics/peak-core
41 verbose stack     at makeError (/Users/robin/.npm-packages/lib/node_modules/npm/node_modules/npm-registry-client/lib/request.js:264:12)
41 verbose stack     at CachingRegistryClient.<anonymous> (/Users/robin/.npm-packages/lib/node_modules/npm/node_modules/npm-registry-client/lib/request.js:252:14)
41 verbose stack     at Request._callback (/Users/robin/.npm-packages/lib/node_modules/npm/node_modules/npm-registry-client/lib/request.js:172:14)
41 verbose stack     at Request.self.callback (/Users/robin/.npm-packages/lib/node_modules/npm/node_modules/request/request.js:199:22)
41 verbose stack     at emitTwo (events.js:100:13)
41 verbose stack     at Request.emit (events.js:185:7)
41 verbose stack     at Request.<anonymous> (/Users/robin/.npm-packages/lib/node_modules/npm/node_modules/request/request.js:1036:10)
41 verbose stack     at emitOne (events.js:95:20)
41 verbose stack     at Request.emit (events.js:182:7)
41 verbose stack     at IncomingMessage.<anonymous> (/Users/robin/.npm-packages/lib/node_modules/npm/node_modules/request/request.js:963:12)
42 verbose statusCode 403
43 verbose pkgid @bitmechanics/peak-core
44 verbose cwd /Users/robin/Documents/Firma/Laufende Projekte/BitMechanics/bm-peak/peak-core
45 error Darwin 15.4.0
46 error argv "/usr/local/bin/node" "/Users/robin/.npm-packages/bin/npm" "publish"
47 error node v5.7.0
48 error npm  v3.7.5
49 error code E403
50 error "You cannot publish over the previously published version 1.0.0. Try bumping the version to 2.0.0" : @bitmechanics/peak-core
51 error If you need help, you may report this error at:
51 error     <https://github.com/npm/npm/issues>
52 verbose exit [ 1, true ]
